0 silly argv {
0 silly argv   _: [ 'version' ],
0 silly argv   lernaVersion: '4.0.0',
0 silly argv   '$0': '/Users/egpurugganan/personal/humongorepo/node_modules/.bin/lerna'
0 silly argv }
1 notice cli v4.0.0
2 verbose rootPath /Users/egpurugganan/personal/humongorepo
3 info versioning independent
4 silly isAnythingCommitted
5 verbose isAnythingCommitted 1
6 silly getCurrentBranch
7 verbose currentBranch master
8 silly remoteBranchExists
9 silly isBehindUpstream
10 silly isBehindUpstream master is behind origin/master by 0 commit(s) and ahead by 0
11 silly hasTags
12 verbose hasTags true
13 silly git-describe.sync "thor-app@1.2.2-2-gf805b77" => {"lastTagName":"thor-app@1.2.2","lastVersion":"1.2.2","refCount":"2","sha":"f805b77","isDirty":false}
14 info Looking for changed packages since thor-app@1.2.2
15 silly checking diff steve-app
16 silly no diff found in steve-app
17 silly checking diff thor-app
18 silly found diff in thor-app/package.json
18 silly found diff in thor-app/public/index.html
19 verbose filtered diff [ 'thor-app/package.json', 'thor-app/public/index.html' ]
20 verbose updated thor-app
21 verbose git-describe undefined => "thor-app@1.2.2-2-gf805b77"
22 silly git-describe parsed => {"lastTagName":"thor-app@1.2.2","lastVersion":"1.2.2","refCount":"2","sha":"f805b77","isDirty":false}
23 info execute Skipping releases
24 silly lifecycle No script for "preversion" in "humongorepo", continuing
25 silly lifecycle No script for "preversion" in "thor-app", continuing
26 silly lifecycle No script for "version" in "thor-app", continuing
27 silly lifecycle No script for "version" in "humongorepo", continuing
28 silly gitAdd [ 'thor-app/package.json' ]
29 silly gitCommit Publish
29 silly gitCommit
29 silly gitCommit  - thor-app@1.3.0
30 verbose git [
30 verbose git   'commit',
30 verbose git   '-F',
30 verbose git   '/private/var/folders/dh/y3m7sss55db8mr2xg3drz_h00000gq/T/1d2d3242-af29-49ea-a465-2cd12f319358/lerna-commit.txt'
30 verbose git ]
31 error Error: Command failed with exit code 1: git commit -F /private/var/folders/dh/y3m7sss55db8mr2xg3drz_h00000gq/T/1d2d3242-af29-49ea-a465-2cd12f319358/lerna-commit.txt
31 error On branch master
31 error Your branch is up to date with 'origin/master'.
31 error
31 error nothing to commit, working tree clean
31 error     at makeError (/Users/egpurugganan/personal/humongorepo/node_modules/@lerna/child-process/node_modules/execa/lib/error.js:59:11)
31 error     at handlePromise (/Users/egpurugganan/personal/humongorepo/node_modules/@lerna/child-process/node_modules/execa/index.js:114:26)
31 error     at processTicksAndRejections (internal/process/task_queues.js:97:5)
31 error     at async Promise.all (index 0)
